CompleteGetter Ver3.30〜
C:\Users\TOHN\Desktop\ComGetter64\新規ページ.files\
index.html
http://www.tohokuuniv-orch.com/
index.html
262913
0
83
--- Dummy -------------------------------
C:\Users\TOHN\Desktop\ComGetter64\新規ページ.files\base.css
http://www.tohokuuniv-orch.com/base.css
0
2697
C:\Users\TOHN\Desktop\ComGetter64\新規ページ.files\print.css
http://www.tohokuuniv-orch.com/print.css
0
2175
C:\Users\TOHN\Desktop\ComGetter64\新規ページ.files\concert.html
http://www.tohokuuniv-orch.com/concert.html
0
3855
C:\Users\TOHN\Desktop\ComGetter64\新規ページ.files\ticket\index.html
http://www.tohokuuniv-orch.com/ticket/index.html
1
0
C:\Users\TOHN\Desktop\ComGetter64\新規ページ.files\concerts\index.html
http://www.tohokuuniv-orch.com/concerts/index.html
1
9458
C:\Users\TOHN\Desktop\ComGetter64\新規ページ.files\images\index.html
http://www.tohokuuniv-orch.com/images/index.html
1
0
C:\Users\TOHN\Desktop\ComGetter64\新規ページ.files\concerts\162nd.html
http://www.tohokuuniv-orch.com/concerts/162nd.html
1
3767
C:\Users\TOHN\Desktop\ComGetter64\新規ページ.files\images\index.html
http://www.tohokuuniv-orch.com/images/index.html
1
0
C:\Users\TOHN\Desktop\ComGetter64\新規ページ.files\concerts\161st.html
http://www.tohokuuniv-orch.com/concerts/161st.html
1
3814
C:\Users\TOHN\Desktop\ComGetter64\新規ページ.files\images\index.html
http://www.tohokuuniv-orch.com/images/index.html
1
0
C:\Users\TOHN\Desktop\ComGetter64\新規ページ.files\concerts\2013_joint.html
http://www.tohokuuniv-orch.com/concerts/2013_joint.html
1
3954
C:\Users\TOHN\Desktop\ComGetter64\新規ページ.files\images\index.html
http://www.tohokuuniv-orch.com/images/index.html
1
0
C:\Users\TOHN\Desktop\ComGetter64\新規ページ.files\concerts\160th.html
http://www.tohokuuniv-orch.com/concerts/160th.html
1
4063
C:\Users\TOHN\Desktop\ComGetter64\新規ページ.files\images\index.html
http://www.tohokuuniv-orch.com/images/index.html
1
0
C:\Users\TOHN\Desktop\ComGetter64\新規ページ.files\concerts\159th.html
http://www.tohokuuniv-orch.com/concerts/159th.html
1
3722
C:\Users\TOHN\Desktop\ComGetter64\新規ページ.files\images\index.html
http://www.tohokuuniv-orch.com/images/index.html
1
0
C:\Users\TOHN\Desktop\ComGetter64\新規ページ.files\concerts\158th.html
http://www.tohokuuniv-orch.com/concerts/158th.html
1
4091
C:\Users\TOHN\Desktop\ComGetter64\新規ページ.files\images\index.html
http://www.tohokuuniv-orch.com/images/index.html
1
0
C:\Users\TOHN\Desktop\ComGetter64\新規ページ.files\concerts\157th.html
http://www.tohokuuniv-orch.com/concerts/157th.html
1
3658
C:\Users\TOHN\Desktop\ComGetter64\新規ページ.files\images\index.html
http://www.tohokuuniv-orch.com/images/index.html
1
0
C:\Users\TOHN\Desktop\ComGetter64\新規ページ.files\concerts\tour2011.html
http://www.tohokuuniv-orch.com/concerts/tour2011.html
1
4513
C:\Users\TOHN\Desktop\ComGetter64\新規ページ.files\concerts\156th.html
http://www.tohokuuniv-orch.com/concerts/156th.html
1
6042
C:\Users\TOHN\Desktop\ComGetter64\新規ページ.files\concerts\H22PTA.html
http://www.tohokuuniv-orch.com/concerts/H22PTA.html
1
11450
C:\Users\TOHN\Desktop\ComGetter64\新規ページ.files\concerts\155th.html
http://www.tohokuuniv-orch.com/concerts/155th.html
1
5468
C:\Users\TOHN\Desktop\ComGetter64\新規ページ.files\images\index.html
http://www.tohokuuniv-orch.com/images/index.html
1
0
C:\Users\TOHN\Desktop\ComGetter64\新規ページ.files\concerts\154th.html
http://www.tohokuuniv-orch.com/concerts/154th.html
1
3266
C:\Users\TOHN\Desktop\ComGetter64\新規ページ.files\images\index.html
http://www.tohokuuniv-orch.com/images/index.html
1
0
C:\Users\TOHN\Desktop\ComGetter64\新規ページ.files\concerts\153rd.html
http://www.tohokuuniv-orch.com/concerts/153rd.html
1
3254
C:\Users\TOHN\Desktop\ComGetter64\新規ページ.files\images\index.html
http://www.tohokuuniv-orch.com/images/index.html
1
0
C:\Users\TOHN\Desktop\ComGetter64\新規ページ.files\concerts\152nd.html
http://www.tohokuuniv-orch.com/concerts/152nd.html
1
3852
C:\Users\TOHN\Desktop\ComGetter64\新規ページ.files\concerts\151st.html
http://www.tohokuuniv-orch.com/concerts/151st.html
1
2739
C:\Users\TOHN\Desktop\ComGetter64\新規ページ.files\images\index.html
http://www.tohokuuniv-orch.com/images/index.html
1
0
C:\Users\TOHN\Desktop\ComGetter64\新規ページ.files\concerts\150th.html
http://www.tohokuuniv-orch.com/concerts/150th.html
1
3908
C:\Users\TOHN\Desktop\ComGetter64\新規ページ.files\concerts\149th.html
http://www.tohokuuniv-orch.com/concerts/149th.html
1
2653
C:\Users\TOHN\Desktop\ComGetter64\新規ページ.files\concerts\centennial.html
http://www.tohokuuniv-orch.com/concerts/centennial.html
1
3141
C:\Users\TOHN\Desktop\ComGetter64\新規ページ.files\javascript\concert.html
http://www.tohokuuniv-orch.com/javascript/concert.html
1
0
C:\Users\TOHN\Desktop\ComGetter64\新規ページ.files\javascript\pastconcert.html
http://www.tohokuuniv-orch.com/javascript/pastconcert.html
1
0
C:\Users\TOHN\Desktop\ComGetter64\新規ページ.files\javascript\profile.html
http://www.tohokuuniv-orch.com/javascript/profile.html
1
0
C:\Users\TOHN\Desktop\ComGetter64\新規ページ.files\javascript\joinus.html
http://www.tohokuuniv-orch.com/javascript/joinus.html
1
0
C:\Users\TOHN\Desktop\ComGetter64\新規ページ.files\javascript\clipmail\clipmail.html
http://www.tohokuuniv-orch.com/javascript/clipmail/clipmail.html
2
0
C:\Users\TOHN\Desktop\ComGetter64\新規ページ.files\javascript\links.html
http://www.tohokuuniv-orch.com/javascript/links.html
1
0
C:\Users\TOHN\Desktop\ComGetter64\新規ページ.files\javascript\index.html
http://www.tohokuuniv-orch.com/javascript/index.html
1
0
C:\Users\TOHN\Desktop\ComGetter64\新規ページ.files\javascript\docwrite.js
http://www.tohokuuniv-orch.com/javascript/docwrite.js
1
2247
C:\Users\TOHN\Desktop\ComGetter64\新規ページ.files\profile.html
http://www.tohokuuniv-orch.com/profile.html
0
3861
C:\Users\TOHN\Desktop\ComGetter64\新規ページ.files\concerts\148th.html
http://www.tohokuuniv-orch.com/concerts/148th.html
1
2885
C:\Users\TOHN\Desktop\ComGetter64\新規ページ.files\concerts\147th.html
http://www.tohokuuniv-orch.com/concerts/147th.html
1
2561
C:\Users\TOHN\Desktop\ComGetter64\新規ページ.files\concerts\2006tochigi.html
http://www.tohokuuniv-orch.com/concerts/2006tochigi.html
1
3090
C:\Users\TOHN\Desktop\ComGetter64\新規ページ.files\concerts\146th.html
http://www.tohokuuniv-orch.com/concerts/146th.html
1
2801
C:\Users\TOHN\Desktop\ComGetter64\新規ページ.files\images\index.html
http://www.tohokuuniv-orch.com/images/index.html
1
0
C:\Users\TOHN\Desktop\ComGetter64\新規ページ.files\concerts\143rd.html
http://www.tohokuuniv-orch.com/concerts/143rd.html
1
2853
C:\Users\TOHN\Desktop\ComGetter64\新規ページ.files\concerts\145th.html
http://www.tohokuuniv-orch.com/concerts/145th.html
1
2745
C:\Users\TOHN\Desktop\ComGetter64\新規ページ.files\concerts\144th.html
http://www.tohokuuniv-orch.com/concerts/144th.html
1
2781
C:\Users\TOHN\Desktop\ComGetter64\新規ページ.files\images\index.html
http://www.tohokuuniv-orch.com/images/index.html
1
0
C:\Users\TOHN\Desktop\ComGetter64\新規ページ.files\concerts\142nd.html
http://www.tohokuuniv-orch.com/concerts/142nd.html
1
2751
C:\Users\TOHN\Desktop\ComGetter64\新規ページ.files\images\index.html
http://www.tohokuuniv-orch.com/images/index.html
1
0
C:\Users\TOHN\Desktop\ComGetter64\新規ページ.files\concerts\141st.html
http://www.tohokuuniv-orch.com/concerts/141st.html
1
2837
C:\Users\TOHN\Desktop\ComGetter64\新規ページ.files\images\index.html
http://www.tohokuuniv-orch.com/images/index.html
1
0
C:\Users\TOHN\Desktop\ComGetter64\新規ページ.files\concerts\2003joint.html
http://www.tohokuuniv-orch.com/concerts/2003joint.html
1
3024
C:\Users\TOHN\Desktop\ComGetter64\新規ページ.files\images\index.html
http://www.tohokuuniv-orch.com/images/index.html
1
0
C:\Users\TOHN\Desktop\ComGetter64\新規ページ.files\concerts\140th.html
http://www.tohokuuniv-orch.com/concerts/140th.html
1
3205
C:\Users\TOHN\Desktop\ComGetter64\新規ページ.files\images\index.html
http://www.tohokuuniv-orch.com/images/index.html
1
0
C:\Users\TOHN\Desktop\ComGetter64\新規ページ.files\concerts\139th.html
http://www.tohokuuniv-orch.com/concerts/139th.html
1
3069
C:\Users\TOHN\Desktop\ComGetter64\新規ページ.files\concerts\regconcertlist.html
http://www.tohokuuniv-orch.com/concerts/regconcertlist.html
1
23638
C:\Users\TOHN\Desktop\ComGetter64\新規ページ.files\pastconcert.html
http://www.tohokuuniv-orch.com/pastconcert.html
0
5698
C:\Users\TOHN\Desktop\ComGetter64\新規ページ.files\sinkan.html
http://www.tohokuuniv-orch.com/sinkan.html
0
3486
C:\Users\TOHN\Desktop\ComGetter64\新規ページ.files\intro.html
http://www.tohokuuniv-orch.com/intro.html
0
3872
C:\Users\TOHN\Desktop\ComGetter64\新規ページ.files\joinus.html
http://www.tohokuuniv-orch.com/joinus.html
0
6195
C:\Users\TOHN\Desktop\ComGetter64\新規ページ.files\clipmail\index.html
http://www.tohokuuniv-orch.com/clipmail/index.html
1
0
C:\Users\TOHN\Desktop\ComGetter64\新規ページ.files\clipmail\clipmail.html
http://www.tohokuuniv-orch.com/clipmail/clipmail.html
1
3662
C:\Users\TOHN\Desktop\ComGetter64\新規ページ.files\links.html
http://www.tohokuuniv-orch.com/links.html
0
7462
C:\Users\TOHN\Desktop\ComGetter64\新規ページ.files\javascript\docwritepostmail.js
http://www.tohokuuniv-orch.com/javascript/docwritepostmail.js
1
1289
C:\Users\TOHN\Desktop\ComGetter64\新規ページ.files\ticket\ticket.html
http://www.tohokuuniv-orch.com/ticket/ticket.html
1
5145
C:\Users\TOHN\Desktop\ComGetter64\新規ページ.files\images\index.html
http://www.tohokuuniv-orch.com/images/index.html
1
0
C:\Users\TOHN\Desktop\ComGetter64\新規ページ.files\concerts\163rd.html
http://www.tohokuuniv-orch.com/concerts/163rd.html
1
3899
C:\Users\TOHN\Desktop\ComGetter64\新規ページ.files\H24sinkan.html
http://www.tohokuuniv-orch.com/H24sinkan.html
0
4455
C:\Users\TOHN\Desktop\ComGetter64\新規ページ.files\images\index.html
http://www.tohokuuniv-orch.com/images/index.html
1
0
C:\Users\TOHN\Desktop\ComGetter64\新規ページ.files\concerts\festival2011.html
http://www.tohokuuniv-orch.com/concerts/festival2011.html
1
2481
C:\Users\TOHN\Desktop\ComGetter64\新規ページ.files\sitemap.html
http://www.tohokuuniv-orch.com/sitemap.html
0
1846
C:\Users\TOHN\Desktop\ComGetter64\新規ページ.files\privacypolicy.html
http://www.tohokuuniv-orch.com/privacypolicy.html
0
2679
C:\Users\TOHN\Desktop\ComGetter64\新規ページ.files\idemnity.html
http://www.tohokuuniv-orch.com/idemnity.html
0
2906
C:\Users\TOHN\Desktop\ComGetter64\新規ページ.files\memberonly\memberindex.html
http://www.tohokuuniv-orch.com/memberonly/memberindex.html
1
0
C:\Users\TOHN\Desktop\ComGetter64\新規ページ.files\entrance.html
http://www.tohokuuniv-orch.com/entrance.html
0
2101
C:\Users\TOHN\Desktop\ComGetter64\新規ページ.files\index.html
http://www.tohokuuniv-orch.com/index.html
0
7066
